TN:
SF:/home/runner/work/web-component/web-component/src/component.ts
FN:1,(anonymous_6)
FN:12,Component
FN:4,(anonymous_8)
FNF:3
FNH:3
FNDA:1,(anonymous_6)
FNDA:2,Component
FNDA:3,(anonymous_8)
DA:1,1
DA:2,1
DA:4,1
DA:5,3
DA:13,2
DA:15,2
DA:19,1
LF:7
LH:7
BRDA:13,0,0,2
BRDA:15,1,0,2
BRDA:15,1,1,2
BRDA:5,2,0,2
BRDA:5,2,1,1
BRF:5
BRH:5
end_of_record
TN:
SF:/home/runner/work/web-component/web-component/src/index.ts
FNF:0
FNH:0
DA:1,1
DA:2,1
LF:2
LH:2
BRF:0
BRH:0
end_of_record
TN:
SF:/home/runner/work/web-component/web-component/src/utils.ts
FN:3,(anonymous_0)
FN:7,(anonymous_1)
FN:14,(anonymous_2)
FN:22,(anonymous_3)
FN:25,(anonymous_4)
FN:31,(anonymous_5)
FN:34,(anonymous_6)
FN:40,(anonymous_7)
FN:44,(anonymous_8)
FN:47,(anonymous_9)
FN:48,(anonymous_10)
FNF:11
FNH:11
FNDA:3,(anonymous_0)
FNDA:1,(anonymous_1)
FNDA:1,(anonymous_2)
FNDA:2,(anonymous_3)
FNDA:2,(anonymous_4)
FNDA:2,(anonymous_5)
FNDA:1,(anonymous_6)
FNDA:3,(anonymous_7)
FNDA:1,(anonymous_8)
FNDA:2,(anonymous_9)
FNDA:2,(anonymous_10)
DA:3,1
DA:4,3
DA:7,1
DA:11,1
DA:13,1
DA:15,1
DA:22,1
DA:24,4
DA:25,2
DA:32,2
DA:35,1
DA:40,1
DA:42,7
DA:43,3
DA:44,1
DA:47,2
DA:49,2
LF:17
LH:17
BRDA:24,0,0,2
BRDA:24,0,1,2
BRDA:31,1,0,1
BRDA:31,1,1,1
BRF:4
BRH:4
end_of_record
